# JRE version: OpenJDK Runtime Environment Microsoft-8035250 (11.0.20+8) (build 11.0.20+8-LTS)
# Java VM: OpenJDK 64-Bit Server VM Microsoft-8035250 (11.0.20+8-LTS, mixed mode, tiered, compressed oops, g1 gc, windows-amd64)
Heap:
 garbage-first heap   total 357376K, used 217934K [0x0000000080000000, 0x0000000100000000)
  region size 1024K, 3 young (3072K), 3 survivors (3072K)
 Metaspace       used 112780K, capacity 118725K, committed 118792K, reserved 618496K
  class space    used 14862K, capacity 17122K, committed 17152K, reserved 516096K
GC Heap History (20 events):
Event: 1093.281 GC heap after
{Heap after GC invocations=94 (full 0):
 garbage-first heap   total 227328K, used 179676K [0x0000000080000000, 0x0000000100000000)
  region size 1024K, 3 young (3072K), 3 survivors (3072K)
 Metaspace       used 107479K, capacity 112945K, committed 113160K, reserved 614400K
  class space    used 14173K, capacity 16263K, committed 16384K, reserved 516096K
}
Event: 1093.586 GC heap before
{Heap before GC invocations=94 (full 0):
 garbage-first heap   total 227328K, used 197084K [0x0000000080000000, 0x0000000100000000)
  region size 1024K, 20 young (20480K), 3 survivors (3072K)
 Metaspace       used 107653K, capacity 113079K, committed 113416K, reserved 614400K
  class space    used 14191K, capacity 16264K, committed 16384K, reserved 516096K
}
Event: 1093.594 GC heap after
{Heap after GC invocations=95 (full 0):
 garbage-first heap   total 227328K, used 181809K [0x0000000080000000, 0x0000000100000000)
  region size 1024K, 3 young (3072K), 3 survivors (3072K)
 Metaspace       used 107653K, capacity 113079K, committed 113416K, reserved 614400K
  class space    used 14191K, capacity 16264K, committed 16384K, reserved 516096K
}
Event: 1093.715 GC heap before
{Heap before GC invocations=95 (full 0):
 garbage-first heap   total 227328K, used 197169K [0x0000000080000000, 0x0000000100000000)
  region size 1024K, 18 young (18432K), 3 survivors (3072K)
 Metaspace       used 107666K, capacity 113091K, committed 113416K, reserved 614400K
  class space    used 14192K, capacity 16266K, committed 16384K, reserved 516096K
}
Event: 1093.988 GC heap after
{Heap after GC invocations=96 (full 0):
 garbage-first heap   total 227328K, used 183951K [0x0000000080000000, 0x0000000100000000)
  region size 1024K, 3 young (3072K), 3 survivors (3072K)
 Metaspace       used 107666K, capacity 113091K, committed 113416K, reserved 614400K
  class space    used 14192K, capacity 16266K, committed 16384K, reserved 516096K
}
Event: 1098.538 GC heap before
{Heap before GC invocations=96 (full 0):
 garbage-first heap   total 227328K, used 197263K [0x0000000080000000, 0x0000000100000000)
  region size 1024K, 16 young (16384K), 3 survivors (3072K)
 Metaspace       used 107673K, capacity 113091K, committed 113416K, reserved 614400K
  class space    used 14192K, capacity 16266K, committed 16384K, reserved 516096K
}
Event: 1099.246 GC heap after
{Heap after GC invocations=97 (full 0):
 garbage-first heap   total 227328K, used 185855K [0x0000000080000000, 0x0000000100000000)
  region size 1024K, 2 young (2048K), 2 survivors (2048K)
 Metaspace       used 107673K, capacity 113091K, committed 113416K, reserved 614400K
  class space    used 14192K, capacity 16266K, committed 16384K, reserved 516096K
}
Event: 1102.871 GC heap before
{Heap before GC invocations=97 (full 0):
 garbage-first heap   total 227328K, used 199167K [0x0000000080000000, 0x0000000100000000)
  region size 1024K, 15 young (15360K), 2 survivors (2048K)
 Metaspace       used 107694K, capacity 113091K, committed 113416K, reserved 614400K
  class space    used 14193K, capacity 16266K, committed 16384K, reserved 516096K
}
Event: 1102.988 GC heap after
{Heap after GC invocations=98 (full 0):
 garbage-first heap   total 273408K, used 187829K [0x0000000080000000, 0x0000000100000000)
  region size 1024K, 2 young (2048K), 2 survivors (2048K)
 Metaspace       used 107694K, capacity 113091K, committed 113416K, reserved 614400K
  class space    used 14193K, capacity 16266K, committed 16384K, reserved 516096K
}
Event: 1127.392 GC heap before
{Heap before GC invocations=99 (full 0):
 garbage-first heap   total 273408K, used 222645K [0x0000000080000000, 0x0000000100000000)
  region size 1024K, 36 young (36864K), 2 survivors (2048K)
 Metaspace       used 107744K, capacity 113156K, committed 113416K, reserved 614400K
  class space    used 14196K, capacity 16266K, committed 16384K, reserved 516096K
}
Event: 1127.648 GC heap after
{Heap after GC invocations=100 (full 0):
 garbage-first heap   total 273408K, used 192619K [0x0000000080000000, 0x0000000100000000)
  region size 1024K, 5 young (5120K), 5 survivors (5120K)
 Metaspace       used 107744K, capacity 113156K, committed 113416K, reserved 614400K
  class space    used 14196K, capacity 16266K, committed 16384K, reserved 516096K
}
Event: 1141.396 GC heap before
{Heap before GC invocations=100 (full 0):
 garbage-first heap   total 273408K, used 226411K [0x0000000080000000, 0x0000000100000000)
  region size 1024K, 38 young (38912K), 5 survivors (5120K)
 Metaspace       used 108223K, capacity 113920K, committed 114056K, reserved 614400K
  class space    used 14270K, capacity 16447K, committed 16512K, reserved 516096K
}
Event: 1141.558 GC heap after
{Heap after GC invocations=101 (full 0):
 garbage-first heap   total 273408K, used 202055K [0x0000000080000000, 0x0000000100000000)
  region size 1024K, 5 young (5120K), 5 survivors (5120K)
 Metaspace       used 108223K, capacity 113920K, committed 114056K, reserved 614400K
  class space    used 14270K, capacity 16447K, committed 16512K, reserved 516096K
}
Event: 1163.253 GC heap before
{Heap before GC invocations=101 (full 0):
 garbage-first heap   total 273408K, used 228679K [0x0000000080000000, 0x0000000100000000)
  region size 1024K, 31 young (31744K), 5 survivors (5120K)
 Metaspace       used 109744K, capacity 115398K, committed 115592K, reserved 616448K
  class space    used 14486K, capacity 16680K, committed 16768K, reserved 516096K
}
Event: 1163.642 GC heap after
{Heap after GC invocations=102 (full 0):
 garbage-first heap   total 273408K, used 206269K [0x0000000080000000, 0x0000000100000000)
  region size 1024K, 4 young (4096K), 4 survivors (4096K)
 Metaspace       used 109744K, capacity 115398K, committed 115592K, reserved 616448K
  class space    used 14486K, capacity 16680K, committed 16768K, reserved 516096K
}
Event: 1194.484 GC heap before
{Heap before GC invocations=103 (full 0):
 garbage-first heap   total 273408K, used 231869K [0x0000000080000000, 0x0000000100000000)
  region size 1024K, 29 young (29696K), 4 survivors (4096K)
 Metaspace       used 112372K, capacity 118186K, committed 118408K, reserved 618496K
  class space    used 14827K, capacity 17020K, committed 17024K, reserved 516096K
}
Event: 1194.515 GC heap after
{Heap after GC invocations=104 (full 0):
 garbage-first heap   total 273408K, used 210373K [0x0000000080000000, 0x0000000100000000)
  region size 1024K, 4 young (4096K), 4 survivors (4096K)
 Metaspace       used 112372K, capacity 118186K, committed 118408K, reserved 618496K
  class space    used 14827K, capacity 17020K, committed 17024K, reserved 516096K
}
Event: 1206.472 GC heap before
{Heap before GC invocations=104 (full 0):
 garbage-first heap   total 273408K, used 232901K [0x0000000080000000, 0x0000000100000000)
  region size 1024K, 26 young (26624K), 4 survivors (4096K)
 Metaspace       used 112499K, capacity 118334K, committed 118536K, reserved 618496K
  class space    used 14843K, capacity 17090K, committed 17152K, reserved 516096K
}
Event: 1207.358 GC heap after
{Heap after GC invocations=105 (full 0):
 garbage-first heap   total 273408K, used 212642K [0x0000000080000000, 0x0000000100000000)
  region size 1024K, 2 young (2048K), 2 survivors (2048K)
 Metaspace       used 112499K, capacity 118334K, committed 118536K, reserved 618496K
  class space    used 14843K, capacity 17090K, committed 17152K, reserved 516096K
}
Event: 1216.904 GC heap before
{Heap before GC invocations=106 (full 0):
 garbage-first heap   total 273408K, used 235170K [0x0000000080000000, 0x0000000100000000)
  region size 1024K, 24 young (24576K), 2 survivors (2048K)
 Metaspace       used 112780K, capacity 118725K, committed 118792K, reserved 618496K
  class space    used 14862K, capacity 17122K, committed 17152K, reserved 516096K
}

